2024-04-16 23:48:06,255 [Worker-3: Loading available Gradle versions] INFO  o.e.b.c.i.u.g.PublishedGradleVersions - Gradle version information cache is up-to-date. Trying to read.
2024-04-16 23:49:12,778 [Worker-3: Maven プロジェクトのインポート中] INFO  o.e.m.c.i.l.LifecycleMappingFactory - Using org.eclipse.m2e.jdt.JarLifecycleMapping lifecycle mapping for MavenProject: com.example:2404teamDevelopment:0.0.1-SNAPSHOT @ C:\Users\dai\2404\2404teamDevelopment\pom.xml.
2024-04-16 23:49:18,661 [Worker-3: Maven プロジェクトのインポート中] INFO  o.e.m.j.i.AbstractJavaProjectConfigurator - Adding source folder /2404teamDevelopment/src/main/java
2024-04-16 23:49:18,662 [Worker-3: Maven プロジェクトのインポート中] INFO  o.e.m.j.i.AbstractJavaProjectConfigurator - Adding resource folder /2404teamDevelopment/src/main/resources
2024-04-16 23:49:18,673 [Worker-3: Maven プロジェクトのインポート中] INFO  o.e.m.j.i.AbstractJavaProjectConfigurator - Adding resource folder /2404teamDevelopment/src/main/resources
2024-04-16 23:49:18,684 [Worker-3: Maven プロジェクトのインポート中] INFO  o.e.m.j.i.AbstractJavaProjectConfigurator - Adding source folder /2404teamDevelopment/src/test/java
2024-04-16 23:49:18,685 [Worker-3: Maven プロジェクトのインポート中] INFO  o.e.m.j.i.AbstractJavaProjectConfigurator - Adding resource folder /2404teamDevelopment/src/test/resources
2024-04-16 23:49:21,832 [Worker-3: Maven プロジェクトのインポート中] INFO  o.e.m.c.i.p.ProjectConfigurationManager - Imported and configured 1 project(s) in 13 sec
2024-04-16 23:49:21,991 [Worker-12: Maven プロジェクトの更新中] INFO  o.e.m.c.i.p.ProjectConfigurationManager - Update started
2024-04-16 23:49:22,622 [Worker-12: Maven プロジェクトの更新中] INFO  o.e.m.c.i.l.LifecycleMappingFactory - Using org.eclipse.m2e.jdt.JarLifecycleMapping lifecycle mapping for MavenProject: com.example:2404teamDevelopment:0.0.1-SNAPSHOT @ C:\Users\dai\2404\2404teamDevelopment\pom.xml.
2024-04-16 23:49:23,171 [Worker-12: Maven プロジェクトの更新中] INFO  o.e.m.j.i.AbstractJavaProjectConfigurator - Adding source folder /2404teamDevelopment/src/main/java
2024-04-16 23:49:23,172 [Worker-12: Maven プロジェクトの更新中] INFO  o.e.m.j.i.AbstractJavaProjectConfigurator - Adding resource folder /2404teamDevelopment/src/main/resources
2024-04-16 23:49:23,172 [Worker-12: Maven プロジェクトの更新中] INFO  o.e.m.j.i.AbstractJavaProjectConfigurator - Adding resource folder /2404teamDevelopment/src/main/resources
2024-04-16 23:49:23,173 [Worker-12: Maven プロジェクトの更新中] INFO  o.e.m.j.i.AbstractJavaProjectConfigurator - Adding source folder /2404teamDevelopment/src/test/java
2024-04-16 23:49:23,173 [Worker-12: Maven プロジェクトの更新中] INFO  o.e.m.j.i.AbstractJavaProjectConfigurator - Adding resource folder /2404teamDevelopment/src/test/resources
2024-04-16 23:49:23,617 [Worker-12: Maven プロジェクトの更新中] INFO  o.e.m.c.i.p.ProjectConfigurationManager - Update completed for 1 poms: local refresh takes 0.00 sec, refresh facades takes 1.00 sec, update config takes 0.00 sec 
2024-04-16 23:49:24,273 [Worker-3: ビルド] INFO  o.e.m.c.i.embedder.EclipseLogger - Using 'UTF-8' encoding to copy filtered resources.
2024-04-16 23:49:24,273 [Worker-3: ビルド] INFO  o.e.m.c.i.embedder.EclipseLogger - Using 'UTF-8' encoding to copy filtered properties files.
2024-04-16 23:49:24,278 [Worker-3: ビルド] INFO  o.e.m.c.i.embedder.EclipseLogger - Copying 1 resource
2024-04-16 23:49:24,304 [Worker-3: ビルド] INFO  o.e.m.c.i.embedder.EclipseLogger - Copying 2 resources
2024-04-16 23:49:24,321 [Worker-3: ビルド] INFO  o.e.m.c.i.embedder.EclipseLogger - Using 'UTF-8' encoding to copy filtered resources.
2024-04-16 23:49:24,321 [Worker-3: ビルド] INFO  o.e.m.c.i.embedder.EclipseLogger - Using 'UTF-8' encoding to copy filtered properties files.
2024-04-16 23:49:24,321 [Worker-3: ビルド] INFO  o.e.m.c.i.embedder.EclipseLogger - skip non existing resourceDirectory C:\Users\dai\2404\2404teamDevelopment\src\test\resources
2024-04-17 00:07:51,324 [Worker-7: Loading available Gradle versions] INFO  o.e.b.c.i.u.g.PublishedGradleVersions - Gradle version information cache is up-to-date. Trying to read.
2024-04-17 00:07:54,971 [Worker-0: ビルド] INFO  o.e.m.c.i.embedder.EclipseLogger - Using 'UTF-8' encoding to copy filtered resources.
2024-04-17 00:07:54,974 [Worker-0: ビルド] INFO  o.e.m.c.i.embedder.EclipseLogger - Using 'UTF-8' encoding to copy filtered properties files.
2024-04-17 00:07:54,979 [Worker-0: ビルド] INFO  o.e.m.c.i.embedder.EclipseLogger - Copying 1 resource
2024-04-17 00:07:55,019 [Worker-0: ビルド] INFO  o.e.m.c.i.embedder.EclipseLogger - Copying 4 resources
2024-04-17 00:07:55,032 [Worker-0: ビルド] INFO  o.e.m.c.i.embedder.EclipseLogger - Using 'UTF-8' encoding to copy filtered resources.
2024-04-17 00:07:55,032 [Worker-0: ビルド] INFO  o.e.m.c.i.embedder.EclipseLogger - Using 'UTF-8' encoding to copy filtered properties files.
2024-04-17 00:07:55,032 [Worker-0: ビルド] INFO  o.e.m.c.i.embedder.EclipseLogger - skip non existing resourceDirectory C:\Users\dai\2404\2404teamDevelopment\src\test\resources
2024-04-17 23:59:38,893 [Worker-5: Loading available Gradle versions] INFO  o.e.b.c.i.u.g.PublishedGradleVersions - Gradle version information cache is out-of-date. Trying to update.
2024-04-18 00:00:39,707 [Worker-1: Loading available Gradle versions] INFO  o.e.b.c.i.u.g.PublishedGradleVersions - Gradle version information cache is up-to-date. Trying to read.
